#-----------------------------------------------------------
# Vivado v2018.2 (64-bit)
# SW Build 2258646 on Thu Jun 14 20:03:12 MDT 2018
# IP Build 2256618 on Thu Jun 14 22:10:49 MDT 2018
# Start of session at: Tue Jan 10 22:54:29 2023
# Process ID: 11004
# Current directory: C:/Temp/project_final
# Command line: vivado.exe -gui_launcher_event rodinguilauncherevent14804 C:\Temp\project_final\project_final.xpr
# Log file: C:/Temp/project_final/vivado.log
# Journal file: C:/Temp/project_final\vivado.jou
#-----------------------------------------------------------
start_gui
open_project C:/Temp/project_final/project_final.xpr
Scanning sources...
Finished scanning sources
INFO: [IP_Flow 19-234] Refreshing IP repositories
INFO: [IP_Flow 19-1704] No user IP repositories specified
INFO: [IP_Flow 19-2313] Loaded Vivado IP repository 'C:/Xilinx/Vivado/2018.2/data/ip'.
update_compile_order -fileset sources_1
exit
INFO: [Common 17-206] Exiting Vivado at Tue Jan 10 22:54:49 2023...
